[2024-01-31 17:13:11,902] multiqc                                            [DEBUG  ]  This is MultiQC v1.19
[2024-01-31 17:13:11,902] multiqc                                            [DEBUG  ]  Command used: /Users/emwelter/miniconda/envs/rnaseq/bin/multiqc -d .
[2024-01-31 17:13:12,145] multiqc                                            [DEBUG  ]  Latest MultiQC version is v1.19
[2024-01-31 17:13:12,146] multiqc                                            [DEBUG  ]  Working dir : /Users/emwelter/Desktop/Spring2024/DIY/Data/Subsampled
[2024-01-31 17:13:12,146] multiqc                                            [DEBUG  ]  Template    : default
[2024-01-31 17:13:12,146] multiqc                                            [DEBUG  ]  Running Python 3.11.7 | packaged by conda-forge | (main, Dec 23 2023, 14:38:52) [Clang 16.0.6 ]
[2024-01-31 17:13:12,146] multiqc                                            [INFO   ]  Prepending directory to sample names
[2024-01-31 17:13:12,147] multiqc                                            [DEBUG  ]  Analysing modules: custom_content, ccs, ngsderive, purple, conpair, lima, peddy, somalier, methylQA, mosdepth, phantompeakqualtools, qualimap, preseq, hifiasm, quast, qorts, rna_seqc, rockhopper, rsem, rseqc, busco, bustools, goleft_indexcov, gffcompare, disambiguate, supernova, deeptools, sargasso, verifybamid, mirtrace, happy, mirtop, sambamba, gopeaks, homer, hops, macs2, theta2, snpeff, gatk, htseq, bcftools, featureCounts, fgbio, dragen, dragen_fastqc, dedup, pbmarkdup, damageprofiler, mapdamage, biobambam2, jcvi, mtnucratio, picard, vep, bakta, prokka, qc3C, nanostat, samblaster, samtools, sexdeterrmine, seqera_cli, eigenstratdatabasetools, bamtools, jellyfish, vcftools, longranger, stacks, varscan2, snippy, umitools, truvari, bbmap, bismark, biscuit, diamond, hicexplorer, hicup, hicpro, salmon, kallisto, slamdunk, star, hisat2, tophat, bowtie2, bowtie1, cellranger, snpsplit, odgi, pangolin, nextclade, freyja, humid, kat, leehom, librarian, adapterRemoval, bbduk, clipandmerge, cutadapt, flexbar, sourmash, kaiju, bracken, kraken, malt, motus, trimmomatic, sickle, skewer, sortmerna, biobloomtools, fastq_screen, afterqc, fastp, fastqc, filtlong, prinseqplusplus, pychopper, porechop, pycoqc, minionqc, anglerfish, multivcfanalyzer, clusterflow, checkqc, bcl2fastq, bclconvert, interop, ivar, flash, seqyclean, optitype, whatshap, xenome, xengsort
[2024-01-31 17:13:12,147] multiqc                                            [DEBUG  ]  Using temporary directory for creating report: /var/folders/lp/cms_t67j6cx303tt1m_5vsjh0000gp/T/tmpez60dxoe
[2024-01-31 17:13:12,149] multiqc                                            [INFO   ]  Search path : /Users/emwelter/Desktop/Spring2024/DIY/Data/Subsampled
[2024-01-31 17:13:12,351] multiqc                                            [DEBUG  ]  Summary of files that were skipped by the search: [skipped_file_contents_search_errors: 890] // [skipped_module_specific_max_filesize: 330] // [skipped_no_match: 53] // [skipped_ignore_pattern: 11] // [skipped_filesize_limit: 1]
[2024-01-31 17:13:12,700] multiqc.plots.bargraph                             [DEBUG  ]  Using matplotlib version 3.8.2
[2024-01-31 17:13:12,701] multiqc.plots.linegraph                            [DEBUG  ]  Using matplotlib version 3.8.2
[2024-01-31 17:13:12,702] multiqc                                            [DEBUG  ]  No samples found: custom_content
[2024-01-31 17:13:12,705] multiqc.modules.kallisto.kallisto                  [INFO   ]  Found 10 reports
[2024-01-31 17:13:12,707] multiqc.modules.fastqc.fastqc                      [WARNING]  Couldn't read 'SRR8668774_10K_subsample_fastqc.zip' - Bad zip file
[2024-01-31 17:13:12,707] multiqc.modules.fastqc.fastqc                      [DEBUG  ]  Bad zip file error: File is not a zip file
[2024-01-31 17:13:12,707] multiqc.modules.fastqc.fastqc                      [WARNING]  Couldn't read 'SRR8668759_10K_subsample_fastqc.zip' - Bad zip file
[2024-01-31 17:13:12,707] multiqc.modules.fastqc.fastqc                      [DEBUG  ]  Bad zip file error: File is not a zip file
[2024-01-31 17:13:12,707] multiqc.modules.fastqc.fastqc                      [WARNING]  Couldn't read 'SRR8668755_10K_subsample_fastqc.zip' - Bad zip file
[2024-01-31 17:13:12,707] multiqc.modules.fastqc.fastqc                      [DEBUG  ]  Bad zip file error: File is not a zip file
[2024-01-31 17:13:12,708] multiqc.modules.fastqc.fastqc                      [WARNING]  Couldn't read 'SRR8668758_10K_subsample_fastqc.zip' - Bad zip file
[2024-01-31 17:13:12,708] multiqc.modules.fastqc.fastqc                      [DEBUG  ]  Bad zip file error: File is not a zip file
[2024-01-31 17:13:12,708] multiqc.modules.fastqc.fastqc                      [WARNING]  Couldn't read 'SRR8668771_10K_subsample_fastqc.zip' - Bad zip file
[2024-01-31 17:13:12,708] multiqc.modules.fastqc.fastqc                      [DEBUG  ]  Bad zip file error: File is not a zip file
[2024-01-31 17:13:12,708] multiqc.modules.fastqc.fastqc                      [WARNING]  Couldn't read 'SRR8668756_10K_subsample_fastqc.zip' - Bad zip file
[2024-01-31 17:13:12,708] multiqc.modules.fastqc.fastqc                      [DEBUG  ]  Bad zip file error: File is not a zip file
[2024-01-31 17:13:12,708] multiqc.modules.fastqc.fastqc                      [WARNING]  Couldn't read 'SRR8668769_10K_subsample_fastqc.zip' - Bad zip file
[2024-01-31 17:13:12,708] multiqc.modules.fastqc.fastqc                      [DEBUG  ]  Bad zip file error: File is not a zip file
[2024-01-31 17:13:12,709] multiqc.modules.fastqc.fastqc                      [WARNING]  Couldn't read 'SRR8668773_10K_subsample_fastqc.zip' - Bad zip file
[2024-01-31 17:13:12,709] multiqc.modules.fastqc.fastqc                      [DEBUG  ]  Bad zip file error: File is not a zip file
[2024-01-31 17:13:12,709] multiqc.modules.fastqc.fastqc                      [WARNING]  Couldn't read 'SRR8668772_10K_subsample_fastqc.zip' - Bad zip file
[2024-01-31 17:13:12,709] multiqc.modules.fastqc.fastqc                      [DEBUG  ]  Bad zip file error: File is not a zip file
[2024-01-31 17:13:12,709] multiqc.modules.fastqc.fastqc                      [WARNING]  Couldn't read 'SRR8668757_10K_subsample_fastqc.zip' - Bad zip file
[2024-01-31 17:13:12,709] multiqc.modules.fastqc.fastqc                      [DEBUG  ]  Bad zip file error: File is not a zip file
[2024-01-31 17:13:12,709] multiqc                                            [DEBUG  ]  No samples found: fastqc
[2024-01-31 17:13:12,709] multiqc.utils.software_versions                    [DEBUG  ]  Reading software versions from config.software_versions
[2024-01-31 17:13:12,712] multiqc                                            [DEBUG  ]  Compressing plot data
[2024-01-31 17:13:12,714] multiqc                                            [INFO   ]  Report      : multiqc_report.html
[2024-01-31 17:13:12,714] multiqc                                            [INFO   ]  Data        : multiqc_data
[2024-01-31 17:13:12,714] multiqc                                            [DEBUG  ]  Moving data file from '/var/folders/lp/cms_t67j6cx303tt1m_5vsjh0000gp/T/tmpez60dxoe/multiqc_data' to '/Users/emwelter/Desktop/Spring2024/DIY/Data/Subsampled/multiqc_data'
[2024-01-31 17:13:12,717] multiqc                                            [DEBUG  ]  Full report path: /Users/emwelter/Desktop/Spring2024/DIY/Data/Subsampled/multiqc_report.html
[2024-01-31 17:13:12,811] multiqc                                            [INFO   ]  MultiQC complete
